<?xml version="1.0" encoding="UTF-8"?>
<!-- Generated by org.testng.reporters.JUnitReportReporter -->
<testsuite skipped="0" hostname="9854551s-MacBook-Pro.local" name="Test_01_GetList" tests="2" failures="0" timestamp="2021-05-31T11:45:29 BST" time="2.005" errors="0">
  <testcase name="GetUserList" time="1.355" classname="Test_01_GetList"/>
  <system-out/>
  <testcase name="GetUserList2" time="0.650" classname="Test_01_GetList"/>
  <system-out/>
</testsuite> <!-- Test_01_GetList -->
